# JRE version: OpenJDK Runtime Environment (8.0_422-b05) (build 1.8.0_422-b05)
# Java VM: OpenJDK 64-Bit Server VM (25.422-b05 mixed mode windows-amd64 compressed oops)
Heap:
 PSYoungGen      total 228352K, used 195409K [0x00000000d7300000, 0x00000000e6400000, 0x0000000100000000)
  eden space 218112K, 89% used [0x00000000d7300000,0x00000000e31d4470,0x00000000e4800000)
  from space 10240K, 0% used [0x00000000e5a00000,0x00000000e5a00000,0x00000000e6400000)
  to   space 12288K, 0% used [0x00000000e4c00000,0x00000000e4c00000,0x00000000e5800000)
 ParOldGen       total 67584K, used 14468K [0x0000000085800000, 0x0000000089a00000, 0x00000000d7300000)
  object space 67584K, 21% used [0x0000000085800000,0x00000000866213f8,0x0000000089a00000)
 Metaspace       used 50929K, capacity 53458K, committed 53628K, reserved 1095680K
  class space    used 7027K, capacity 7493K, committed 7552K, reserved 1048576K
GC Heap History (10 events):
Event: 2.062 GC heap before
{Heap before GC invocations=6 (full 0):
 PSYoungGen      total 68608K, used 8127K [0x00000000d7300000, 0x00000000dff00000, 0x0000000100000000)
  eden space 63488K, 4% used [0x00000000d7300000,0x00000000d75f6948,0x00000000db100000)
  from space 5120K, 99% used [0x00000000db100000,0x00000000db5f96a8,0x00000000db600000)
  to   space 8192K, 0% used [0x00000000df700000,0x00000000df700000,0x00000000dff00000)
 ParOldGen       total 84992K, used 5193K [0x0000000085800000, 0x000000008ab00000, 0x00000000d7300000)
  object space 84992K, 6% used [0x0000000085800000,0x0000000085d125c8,0x000000008ab00000)
 Metaspace       used 20657K, capacity 21496K, committed 21628K, reserved 1069056K
  class space    used 2721K, capacity 2913K, committed 2944K, reserved 1048576K
Event: 2.067 GC heap after
Heap after GC invocations=6 (full 0):
 PSYoungGen      total 135168K, used 5399K [0x00000000d7300000, 0x00000000dff00000, 0x0000000100000000)
  eden space 126976K, 0% used [0x00000000d7300000,0x00000000d7300000,0x00000000def00000)
  from space 8192K, 65% used [0x00000000df700000,0x00000000dfc45d08,0x00000000dff00000)
  to   space 8192K, 0% used [0x00000000def00000,0x00000000def00000,0x00000000df700000)
 ParOldGen       total 84992K, used 5201K [0x0000000085800000, 0x000000008ab00000, 0x00000000d7300000)
  object space 84992K, 6% used [0x0000000085800000,0x0000000085d145c8,0x000000008ab00000)
 Metaspace       used 20657K, capacity 21496K, committed 21628K, reserved 1069056K
  class space    used 2721K, capacity 2913K, committed 2944K, reserved 1048576K
}
Event: 2.067 GC heap before
{Heap before GC invocations=7 (full 1):
 PSYoungGen      total 135168K, used 5399K [0x00000000d7300000, 0x00000000dff00000, 0x0000000100000000)
  eden space 126976K, 0% used [0x00000000d7300000,0x00000000d7300000,0x00000000def00000)
  from space 8192K, 65% used [0x00000000df700000,0x00000000dfc45d08,0x00000000dff00000)
  to   space 8192K, 0% used [0x00000000def00000,0x00000000def00000,0x00000000df700000)
 ParOldGen       total 84992K, used 5201K [0x0000000085800000, 0x000000008ab00000, 0x00000000d7300000)
  object space 84992K, 6% used [0x0000000085800000,0x0000000085d145c8,0x000000008ab00000)
 Metaspace       used 20657K, capacity 21496K, committed 21628K, reserved 1069056K
  class space    used 2721K, capacity 2913K, committed 2944K, reserved 1048576K
Event: 2.103 GC heap after
Heap after GC invocations=7 (full 1):
 PSYoungGen      total 135168K, used 0K [0x00000000d7300000, 0x00000000dff00000, 0x0000000100000000)
  eden space 126976K, 0% used [0x00000000d7300000,0x00000000d7300000,0x00000000def00000)
  from space 8192K, 0% used [0x00000000df700000,0x00000000df700000,0x00000000dff00000)
  to   space 8192K, 0% used [0x00000000def00000,0x00000000def00000,0x00000000df700000)
 ParOldGen       total 46080K, used 5421K [0x0000000085800000, 0x0000000088500000, 0x00000000d7300000)
  object space 46080K, 11% used [0x0000000085800000,0x0000000085d4b410,0x0000000088500000)
 Metaspace       used 20657K, capacity 21496K, committed 21628K, reserved 1069056K
  class space    used 2721K, capacity 2913K, committed 2944K, reserved 1048576K
}
Event: 4.997 GC heap before
{Heap before GC invocations=8 (full 1):
 PSYoungGen      total 135168K, used 126976K [0x00000000d7300000, 0x00000000dff00000, 0x0000000100000000)
  eden space 126976K, 100% used [0x00000000d7300000,0x00000000def00000,0x00000000def00000)
  from space 8192K, 0% used [0x00000000df700000,0x00000000df700000,0x00000000dff00000)
  to   space 8192K, 0% used [0x00000000def00000,0x00000000def00000,0x00000000df700000)
 ParOldGen       total 46080K, used 5421K [0x0000000085800000, 0x0000000088500000, 0x00000000d7300000)
  object space 46080K, 11% used [0x0000000085800000,0x0000000085d4b410,0x0000000088500000)
 Metaspace       used 29507K, capacity 30918K, committed 31100K, reserved 1077248K
  class space    used 3907K, capacity 4186K, committed 4224K, reserved 1048576K
Event: 5.025 GC heap after
Heap after GC invocations=8 (full 1):
 PSYoungGen      total 135168K, used 8189K [0x00000000d7300000, 0x00000000e6580000, 0x0000000100000000)
  eden space 126976K, 0% used [0x00000000d7300000,0x00000000d7300000,0x00000000def00000)
  from space 8192K, 99% used [0x00000000def00000,0x00000000df6ff580,0x00000000df700000)
  to   space 11776K, 0% used [0x00000000e5a00000,0x00000000e5a00000,0x00000000e6580000)
 ParOldGen       total 46080K, used 10976K [0x0000000085800000, 0x0000000088500000, 0x00000000d7300000)
  object space 46080K, 23% used [0x0000000085800000,0x00000000862b80c0,0x0000000088500000)
 Metaspace       used 29507K, capacity 30918K, committed 31100K, reserved 1077248K
  class space    used 3907K, capacity 4186K, committed 4224K, reserved 1048576K
}
Event: 8.572 GC heap before
{Heap before GC invocations=9 (full 1):
 PSYoungGen      total 135168K, used 58251K [0x00000000d7300000, 0x00000000e6580000, 0x0000000100000000)
  eden space 126976K, 39% used [0x00000000d7300000,0x00000000da3e3698,0x00000000def00000)
  from space 8192K, 99% used [0x00000000def00000,0x00000000df6ff580,0x00000000df700000)
  to   space 11776K, 0% used [0x00000000e5a00000,0x00000000e5a00000,0x00000000e6580000)
 ParOldGen       total 46080K, used 10976K [0x0000000085800000, 0x0000000088500000, 0x00000000d7300000)
  object space 46080K, 23% used [0x0000000085800000,0x00000000862b80c0,0x0000000088500000)
 Metaspace       used 33880K, capacity 35886K, committed 36048K, reserved 1081344K
  class space    used 4495K, capacity 4880K, committed 4992K, reserved 1048576K
Event: 8.585 GC heap after
Heap after GC invocations=9 (full 1):
 PSYoungGen      total 228352K, used 10062K [0x00000000d7300000, 0x00000000e6400000, 0x0000000100000000)
  eden space 218112K, 0% used [0x00000000d7300000,0x00000000d7300000,0x00000000e4800000)
  from space 10240K, 98% used [0x00000000e5a00000,0x00000000e63d3a00,0x00000000e6400000)
  to   space 12288K, 0% used [0x00000000e4c00000,0x00000000e4c00000,0x00000000e5800000)
 ParOldGen       total 46080K, used 10984K [0x0000000085800000, 0x0000000088500000, 0x00000000d7300000)
  object space 46080K, 23% used [0x0000000085800000,0x00000000862ba0c0,0x0000000088500000)
 Metaspace       used 33880K, capacity 35886K, committed 36048K, reserved 1081344K
  class space    used 4495K, capacity 4880K, committed 4992K, reserved 1048576K
}
Event: 8.585 GC heap before
{Heap before GC invocations=10 (full 2):
 PSYoungGen      total 228352K, used 10062K [0x00000000d7300000, 0x00000000e6400000, 0x0000000100000000)
  eden space 218112K, 0% used [0x00000000d7300000,0x00000000d7300000,0x00000000e4800000)
  from space 10240K, 98% used [0x00000000e5a00000,0x00000000e63d3a00,0x00000000e6400000)
  to   space 12288K, 0% used [0x00000000e4c00000,0x00000000e4c00000,0x00000000e5800000)
 ParOldGen       total 46080K, used 10984K [0x0000000085800000, 0x0000000088500000, 0x00000000d7300000)
  object space 46080K, 23% used [0x0000000085800000,0x00000000862ba0c0,0x0000000088500000)
 Metaspace       used 33880K, capacity 35886K, committed 36048K, reserved 1081344K
  class space    used 4495K, capacity 4880K, committed 4992K, reserved 1048576K
Event: 8.672 GC heap after
Heap after GC invocations=10 (full 2):
 PSYoungGen      total 228352K, used 0K [0x00000000d7300000, 0x00000000e6400000, 0x0000000100000000)
  eden space 218112K, 0% used [0x00000000d7300000,0x00000000d7300000,0x00000000e4800000)
  from space 10240K, 0% used [0x00000000e5a00000,0x00000000e5a00000,0x00000000e6400000)
  to   space 12288K, 0% used [0x00000000e4c00000,0x00000000e4c00000,0x00000000e5800000)
 ParOldGen       total 67584K, used 14468K [0x0000000085800000, 0x0000000089a00000, 0x00000000d7300000)
  object space 67584K, 21% used [0x0000000085800000,0x00000000866213f8,0x0000000089a00000)
 Metaspace       used 33880K, capacity 35886K, committed 36048K, reserved 1081344K
  class space    used 4495K, capacity 4880K, committed 4992K, reserved 1048576K
}

